
ROM used:   1865/8192 (23%)
            1865/8192 (23%) including unused fragments

            1.4 Average locations per line
            10.7 Average locations per statement

RAM used:   56/368 (15%) at main() level
            88/368 (24%) worst case

Stack used: 3 worst case (2 in main + 1 for interrupts)
Stack size: 8

Lines Stmts  %   Files
----- ----- ---  -----
  258   131  75  main.c
   11     0   0  main.h
  672     0   0  c:\Program Files (x86)\PICC\Devices\16F877A.h
  337     0   0  c:\Program Files (x86)\PICC\Devices\def_16f877a.h
   54    18  10  def_lcd.c
   45    25  14  floor.c
----- -----
 1377   174 Total

Page ROM  %  RAM    Vol Diff  Functions:
---- --- --- ---    --- ----  ----------
0     20   1    1   1121 10.1  @delay_ms1
0     15   1    1    121  1.8  @delay_us1
0     17   1    2    121  1.8  ghima
0     17   1    2    121  1.8  hienthi
0     21   1    0    130  1.8  initLCD
0    371  20   19    958  9.0  FLOOR
0     63   3   10     43  2.1  @FLT
0     31   2    4     44  1.9  @SFTOI
0     29   2    2    259  6.9  @ITOF
0    117   6   13     33  1.3  @MULFF
0    321  17   16     33  1.3  @ADDFF
0    202  11   14    321  3.7  @DIVFF
0     31   2    5     52  2.1  @FTOSD
0     19   1    0    174  2.7  ext_isr
0     17   1    0    121  3.3  timer0_isr
0     23   1    0     48  2.6  ccp1_isr
0    122   7   14    580  4.3  @DIVS3232
0    366  20    9    552  4.3  MAIN
 Inline         6    556  7.5  @cinit1

Program metrics:
    Functions               19
    Statements              174
    Comments                237
    Volume (V)              9047
    Difficulty (D)          73.5
    Effort to implement (E) 664955
    Time to implement (T)   10 hours, 16 minutes
    Est Delivered Bugs (B)  3
    Cyclomatic Complexity   28
    Maintainability (MI)    66

 Segment     Used  Free
-----------  ----  ----
00000-00003     4  0  
00004-0003E    59  0  
0003F-007FF  1802  183  
00800-00FFF     0  2048  
01000-017FF     0  2048  
01800-01FFF     0  2048  



