
ROM used:   1626/8192 (20%)
            1626/8192 (20%) including unused fragments

            1.4 Average locations per line
            32.5 Average locations per statement

RAM used:   23/368 (6%) at main() level
            108/368 (29%) worst case

Stack used: 5 worst case (2 in main + 3 for interrupts)
Stack size: 8

Lines Stmts  %   Files
----- ----- ---  -----
   69    25  50  main.c
   11     0   0  main.h
  672     0   0  c:\Program Files (x86)\PICC\Devices\16F877A.h
  337     0   0  c:\Program Files (x86)\PICC\Devices\def_16f877a.h
   45    25  50  ..\floor.c
----- -----
 1134    50 Total

Page ROM  %  RAM    Vol Diff  Functions:
---- --- --- ---    --- ----  ----------
0    379  23   19    953  9.3  FLOOR
0     65   4   10             @FLT
0     31   2    4             @SFTOI
0     29   2    2             @ITOF
0    147   9   13             @MULFF
0    326  20   16             @ADDFF
0    202  12   14             @DIVFF
0     31   2    5             @FTOSD
0     10   1    0     94  1.7  EXT_isr
0      6   0    0     38  1.4  TIMER0_isr
0    175  11    4    251  4.8  TIMER1_isr
0    162  10    0    200  2.7  MAIN
 Inline         4             @cinit1

Program metrics:
    Functions               5
    Statements              50
    Comments                167
    Volume (V)              2064
    Difficulty (D)          19.4
    Effort to implement (E) 40101
    Time to implement (T)   37 minutes
    Est Delivered Bugs (B)  0
    Cyclomatic Complexity   8
    Maintainability (MI)    125

 Segment     Used  Free
-----------  ----  ----
00000-00003     4  0  
00004-0003E    59  0  
0003F-007FF  1563  422  
00800-00FFF     0  2048  
01000-017FF     0  2048  
01800-01FFF     0  2048  



